<?xml version="1.0" encoding="UTF-8"?>
<!-- Generated by org.testng.reporters.JUnitReportReporter -->
<testsuite hostname="DESKTOP-NM1S928" failures="0" tests="1" name="TestNGpkg.Facebookloginpg" time="0.530" errors="0" timestamp="2024-10-22T14:53:37 IST" skipped="0">
  <testcase classname="TestNGpkg.Facebookloginpg" name="fblogin" time="0.530"/>
  <system-out/>
</testsuite> <!-- TestNGpkg.Facebookloginpg -->
