<?xml version="1.0" encoding="UTF-8"?>
<!-- Generated by org.testng.reporters.JUnitReportReporter -->
<testsuite hostname="DESKTOP-NM1S928" failures="0" tests="1" name="TestNGpkg.Fileuploadrobot" time="10.541" errors="0" timestamp="2024-10-29T13:46:44 IST" skipped="0">
  <testcase classname="TestNGpkg.Fileuploadrobot" name="fileuploadpgm" time="10.541"/>
  <system-out/>
</testsuite> <!-- TestNGpkg.Fileuploadrobot -->
