<?xml version="1.0" encoding="UTF-8"?>
<!-- Generated by org.testng.reporters.JUnitReportReporter -->
<testsuite hostname="DESKTOP-NM1S928" failures="0" tests="1" name="TestNGpkg.Copypasteprgm" time="0.977" errors="0" timestamp="2024-10-24T12:57:14 IST" skipped="0">
  <testcase classname="TestNGpkg.Copypasteprgm" name="test" time="0.977"/>
  <system-out/>
</testsuite> <!-- TestNGpkg.Copypasteprgm -->
