<?xml version="1.0" encoding="UTF-8"?>
<!-- Generated by org.testng.reporters.JUnitReportReporter -->
<testsuite hostname="DESKTOP-NM1S928" failures="0" tests="1" name="TestNGpkg.Windowhandling" time="9.498" errors="0" timestamp="2024-11-06T14:14:54 IST" skipped="0">
  <testcase classname="TestNGpkg.Windowhandling" name="test" time="9.498"/>
  <system-out/>
</testsuite> <!-- TestNGpkg.Windowhandling -->
