<?xml version="1.0" encoding="UTF-8"?>
<!-- Generated by org.testng.reporters.JUnitReportReporter -->
<testsuite hostname="DESKTOP-NM1S928" failures="0" tests="1" name="TestNGpkg.trivagodatepg" time="5.263" errors="0" timestamp="2024-10-30T13:28:19 IST" skipped="0">
  <testcase classname="TestNGpkg.trivagodatepg" name="datepicker" time="5.263"/>
  <system-out/>
</testsuite> <!-- TestNGpkg.trivagodatepg -->
