<?xml version="1.0" encoding="UTF-8"?>
<!-- Generated by org.testng.reporters.JUnitReportReporter -->
<testsuite hostname="DESKTOP-NM1S928" failures="0" tests="1" name="Test.Fbcreatepagetxt" time="2.148" errors="0" timestamp="2024-10-31T15:29:20 IST" skipped="0">
  <testcase classname="Test.Fbcreatepagetxt" name="createpagetest" time="2.148"/>
  <system-out/>
</testsuite> <!-- Test.Fbcreatepagetxt -->
