<?xml version="1.0" encoding="UTF-8"?>
<!-- Generated by org.testng.reporters.JUnitReportReporter -->
<testsuite hostname="DESKTOP-NM1S928" failures="0" tests="1" name="TestNGpkg.Fileuploadpgm" time="0.614" errors="0" timestamp="2024-10-29T13:26:49 IST" skipped="0">
  <testcase classname="TestNGpkg.Fileuploadpgm" name="test" time="0.614"/>
  <system-out/>
</testsuite> <!-- TestNGpkg.Fileuploadpgm -->
