<?xml version="1.0" encoding="UTF-8"?>
<!-- Generated by org.testng.reporters.JUnitReportReporter -->
<testsuite hostname="DESKTOP-NM1S928" failures="0" tests="1" name="TestNGpkg.Datadriven" time="6.759" errors="0" timestamp="2024-10-29T13:02:31 IST" skipped="0">
  <testcase classname="TestNGpkg.Datadriven" name="test" time="6.759"/>
  <system-out/>
</testsuite> <!-- TestNGpkg.Datadriven -->
