<?xml version="1.0" encoding="UTF-8"?>
<!-- Generated by org.testng.reporters.JUnitReportReporter -->
<testsuite hostname="DESKTOP-NM1S928" failures="0" tests="6" name="TestNGpkg.TestNGdemo" time="0.077" errors="0" timestamp="2024-10-18T14:50:06 IST" skipped="1">
  <testcase classname="TestNGpkg.TestNGdemo" name="test5" time="0.032"/>
  <system-out/>
  <testcase classname="TestNGpkg.TestNGdemo" name="test2" time="0.018"/>
  <system-out/>
  <testcase classname="TestNGpkg.TestNGdemo" name="test1" time="0.008"/>
  <system-out/>
  <testcase classname="TestNGpkg.TestNGdemo" name="test4" time="0.008"/>
  <system-out/>
  <testcase classname="TestNGpkg.TestNGdemo" name="test4" time="0.011"/>
  <system-out/>
  <testcase classname="TestNGpkg.TestNGdemo" name="test3">
    <skipped/>
  </testcase> <!-- test3 -->
  <system-out/>
</testsuite> <!-- TestNGpkg.TestNGdemo -->
