<?xml version="1.0" encoding="UTF-8"?>
<!-- Generated by org.testng.reporters.JUnitReportReporter -->
<testsuite hostname="DESKTOP-NM1S928" failures="0" tests="3" name="TestNGpkg.RediffTestNG" time="5.509" errors="0" timestamp="2024-10-22T13:43:38 IST" skipped="0">
  <testcase classname="TestNGpkg.RediffTestNG" name="linkcount" time="0.785"/>
  <system-out/>
  <testcase classname="TestNGpkg.RediffTestNG" name="dropdown" time="1.886"/>
  <system-out/>
  <testcase classname="TestNGpkg.RediffTestNG" name="logotest" time="2.838"/>
  <system-out/>
</testsuite> <!-- TestNGpkg.RediffTestNG -->
