<?xml version="1.0" encoding="UTF-8"?>
<!-- Generated by org.testng.reporters.JUnitReportReporter -->
<testsuite hostname="DESKTOP-NM1S928" failures="0" tests="1" name="TestNGpkg.Loginvalidationpg" time="4.111" errors="0" timestamp="2024-10-29T13:11:27 IST" skipped="0">
  <testcase classname="TestNGpkg.Loginvalidationpg" name="login" time="4.111"/>
  <system-out/>
</testsuite> <!-- TestNGpkg.Loginvalidationpg -->
