<?xml version="1.0" encoding="UTF-8"?>
<!-- Generated by org.testng.reporters.JUnitReportReporter -->
<testsuite hostname="DESKTOP-NM1S928" failures="0" tests="1" name="Test.Fblogintest" time="1.252" errors="0" timestamp="2024-10-31T14:42:55 IST" skipped="0">
  <testcase classname="Test.Fblogintest" name="testlogin" time="1.252"/>
  <system-out/>
</testsuite> <!-- Test.Fblogintest -->
