<?xml version="1.0" encoding="UTF-8"?>
<!-- Generated by org.testng.reporters.JUnitReportReporter -->
<testsuite hostname="DESKTOP-NM1S928" failures="0" tests="1" name="TestNGpkg.Demogureu99dragndrop" time="1.738" errors="0" timestamp="2024-10-24T15:25:51 IST" skipped="0">
  <testcase classname="TestNGpkg.Demogureu99dragndrop" name="test" time="1.738"/>
  <system-out/>
</testsuite> <!-- TestNGpkg.Demogureu99dragndrop -->
